[
 {
  "taskId": "parsons-puzzle-2278057412",
  "points": 0,
  "state": {
   "trashHash": null,
   "solutionHash": null,
   "toggleStates": "{}"
  },
  "results": []
 },
 {
  "taskId": "fill-in-the-blanks-3805979875",
  "points": 0,
  "state": {
   "active": []
  },
  "results": []
 },
 {
  "taskId": "fill-in-the-blanks-2518298496",
  "points": 0,
  "state": {
   "active": []
  },
  "results": []
 },
 {
  "taskId": "parsons-puzzle-1820692199",
  "points": 0,
  "state": {
   "trashHash": null,
   "solutionHash": null,
   "toggleStates": "{}"
  },
  "results": []
 },
 {
  "taskId": "parsons-puzzle-3133020826",
  "points": 0,
  "state": {
   "trashHash": null,
   "solutionHash": null,
   "toggleStates": "{}"
  },
  "results": []
 },
 {
  "taskId": "parsons-puzzle-2224587180",
  "points": 0,
  "state": {
   "trashHash": "-",
   "solutionHash": "0_0-2_0-1_0",
   "toggleStates": "{\"output\":[\"1\"]}"
  },
  "results": []
 },
 {
  "taskId": "parsons-puzzle-3902608667",
  "points": 0,
  "state": {
   "trashHash": "5_0-3_0-1_0-4_0",
   "solutionHash": "0_0-2_0",
   "toggleStates": "{}"
  },
  "results": []
 },
 {
  "taskId": "fill-in-the-blanks-1661992395",
  "points": 0,
  "state": {
   "active": []
  },
  "results": []
 },
 {
  "taskId": "code-output-compare-3211690469",
  "points": 0,
  "results": []
 },
 {
  "taskId": "code-output-compare-3095758084",
  "points": 0,
  "results": []
 },
 {
  "taskId": "code-output-compare-2183474331",
  "points": 0,
  "results": []
 },
 {
  "taskId": "code-output-compare-4058655817",
  "points": 0,
  "results": []
 },
 {
  "taskId": "code-output-compare-3335272242",
  "points": 0,
  "results": []
 },
 {
  "taskId": "code-output-compare-1616286894",
  "points": 0,
  "results": []
 },
 {
  "taskId": "fill-in-the-blanks-1792875991",
  "points": 0,
  "state": {
   "active": []
  },
  "results": []
 },
 {
  "taskId": "parsons-puzzle-4291022967",
  "points": 0,
  "state": {
   "trashHash": null,
   "solutionHash": null,
   "toggleStates": "{}"
  },
  "results": []
 },
 {
  "taskId": "parsons-puzzle-1750024337",
  "points": 0,
  "state": {
   "trashHash": "-",
   "solutionHash": "0_0-1_1-3_0-4_1",
   "toggleStates": "{\"output\":[\"if\",\"x\",\">\",\"10\",\"print(\\\"Confirmed, number is greater than 10\\\")\",\"else\",\"print(\\\"Confirmed, number is NOT greater than 10\\\")\"]}"
  },
  "results": []
 },
 {
  "taskId": "fill-in-the-blanks-4043915169",
  "points": 0,
  "state": {
   "active": []
  },
  "results": []
 },
 {
  "taskId": "code-output-compare-3924836892",
  "points": 0,
  "results": []
 },
 {
  "taskId": "code-output-compare-2841054492",
  "points": 0,
  "results": []
 },
 {
  "taskId": "code-output-compare-3117457165",
  "points": 0,
  "results": []
 },
 {
  "taskId": "code-output-compare-2504384012",
  "points": 0,
  "results": []
 },
 {
  "taskId": "code-output-compare-3592969337",
  "points": 0,
  "results": []
 },
 {
  "taskId": "code-output-compare-2019961366",
  "points": 0,
  "results": []
 },
 {
  "taskId": "code-output-compare-3508746783",
  "points": 0,
  "results": []
 },
 {
  "taskId": "code-output-compare-3072203434",
  "points": 0,
  "results": []
 },
 {
  "taskId": "code-output-compare-1691073765",
  "points": 0,
  "results": []
 },
 {
  "taskId": "code-output-compare-1653549181",
  "points": 0,
  "results": []
 },
 {
  "taskId": "code-output-compare-135786605",
  "points": 0,
  "results": []
 },
 {
  "taskId": "code-output-compare-4037337142",
  "points": 0,
  "results": []
 },
 {
  "taskId": "parsons-puzzle-1135497979",
  "points": 0,
  "state": {
   "trashHash": null,
   "solutionHash": null,
   "toggleStates": "{}"
  },
  "results": []
 },
 {
  "taskId": "parsons-puzzle-145527699",
  "points": 1,
  "state": {
   "trashHash": "-",
   "solutionHash": "0_0-1_0-2_1-3_0",
   "toggleStates": "{}"
  },
  "results": [
   {
    "points": 1,
    "trashHash": "-",
    "solutionHash": "0_0-1_0-2_1-3_0",
    "toggleStates": "{}",
    "studentCode": "my_var = 5\ndef add_5():\n  print(my_var + 5)\nadd_5()",
    "timestamp": 1575540789011,
    "state": "pass"
   }
  ]
 },
 {
  "taskId": "test-2255079836",
  "points": 0,
  "results": [
   {
    "code": 1,
    "output": "Traceback (most recent call last):\n  File \"/usr/lib/python2.7/runpy.py\", line 162, in _run_module_as_main\n    \"__main__\", fname, loader, pkg_name)\n  File \"/usr/lib/python2.7/runpy.py\", line 72, in _run_code\n    exec code in run_globals\n  File \"/usr/lib/python2.7/unittest/__main__.py\", line 12, in <module>\n    main(module=None)\n  File \"/usr/lib/python2.7/unittest/main.py\", line 94, in __init__\n    self.parseArgs(argv)\n  File \"/usr/lib/python2.7/unittest/main.py\", line 149, in parseArgs\n    self.createTests()\n  File \"/usr/lib/python2.7/unittest/main.py\", line 158, in createTests\n    self.module)\n  File \"/usr/lib/python2.7/unittest/loader.py\", line 130, in loadTestsFromNames\n    suites = [self.loadTestsFromName(name, module) for name in names]\n  File \"/usr/lib/python2.7/unittest/loader.py\", line 100, in loadTestsFromName\n    parent, obj = obj, getattr(obj, part)\nAttributeError: 'module' object has no attribute 'functions'\n",
    "timestamp": 1576016219027,
    "state": "fail"
   },
   {
    "code": 127,
    "output": "/bin/sh: 1: -m: not found\n",
    "timestamp": 1576016180160,
    "state": "fail"
   },
   {
    "code": 1,
    "output": "Traceback (most recent call last):\n  File \"/usr/lib/python3.4/runpy.py\", line 170, in _run_module_as_main\n    \"__main__\", mod_spec)\n  File \"/usr/lib/python3.4/runpy.py\", line 85, in _run_code\n    exec(code, run_globals)\n  File \"/usr/lib/python3.4/unittest/__main__.py\", line 18, in <module>\n    main(module=None)\n  File \"/usr/lib/python3.4/unittest/main.py\", line 92, in __init__\n    self.parseArgs(argv)\n  File \"/usr/lib/python3.4/unittest/main.py\", line 139, in parseArgs\n    self.createTests()\n  File \"/usr/lib/python3.4/unittest/main.py\", line 146, in createTests\n    self.module)\n  File \"/usr/lib/python3.4/unittest/loader.py\", line 146, in loadTestsFromNames\n    suites = [self.loadTestsFromName(name, module) for name in names]\n  File \"/usr/lib/python3.4/unittest/loader.py\", line 146, in <listcomp>\n    suites = [self.loadTestsFromName(name, module) for name in names]\n  File \"/usr/lib/python3.4/unittest/loader.py\", line 114, in loadTestsFromName\n    parent, obj = obj, getattr(obj, part)\nAttributeError: 'module' object has no attribute 'functions'\n",
    "timestamp": 1576015858216,
    "state": "fail"
   },
   {
    "code": 1,
    "output": "Traceback (most recent call last):\n  File \"/usr/lib/python3.4/runpy.py\", line 170, in _run_module_as_main\n    \"__main__\", mod_spec)\n  File \"/usr/lib/python3.4/runpy.py\", line 85, in _run_code\n    exec(code, run_globals)\n  File \"/usr/lib/python3.4/unittest/__main__.py\", line 18, in <module>\n    main(module=None)\n  File \"/usr/lib/python3.4/unittest/main.py\", line 92, in __init__\n    self.parseArgs(argv)\n  File \"/usr/lib/python3.4/unittest/main.py\", line 139, in parseArgs\n    self.createTests()\n  File \"/usr/lib/python3.4/unittest/main.py\", line 146, in createTests\n    self.module)\n  File \"/usr/lib/python3.4/unittest/loader.py\", line 146, in loadTestsFromNames\n    suites = [self.loadTestsFromName(name, module) for name in names]\n  File \"/usr/lib/python3.4/unittest/loader.py\", line 146, in <listcomp>\n    suites = [self.loadTestsFromName(name, module) for name in names]\n  File \"/usr/lib/python3.4/unittest/loader.py\", line 114, in loadTestsFromName\n    parent, obj = obj, getattr(obj, part)\nAttributeError: 'module' object has no attribute 'functions'\n",
    "timestamp": 1576015792308,
    "state": "fail"
   },
   {
    "code": 1,
    "output": "Traceback (most recent call last):\n  File \"/usr/lib/python3.4/runpy.py\", line 170, in _run_module_as_main\n    \"__main__\", mod_spec)\n  File \"/usr/lib/python3.4/runpy.py\", line 85, in _run_code\n    exec(code, run_globals)\n  File \"/usr/lib/python3.4/unittest/__main__.py\", line 18, in <module>\n    main(module=None)\n  File \"/usr/lib/python3.4/unittest/main.py\", line 92, in __init__\n    self.parseArgs(argv)\n  File \"/usr/lib/python3.4/unittest/main.py\", line 139, in parseArgs\n    self.createTests()\n  File \"/usr/lib/python3.4/unittest/main.py\", line 146, in createTests\n    self.module)\n  File \"/usr/lib/python3.4/unittest/loader.py\", line 146, in loadTestsFromNames\n    suites = [self.loadTestsFromName(name, module) for name in names]\n  File \"/usr/lib/python3.4/unittest/loader.py\", line 146, in <listcomp>\n    suites = [self.loadTestsFromName(name, module) for name in names]\n  File \"/usr/lib/python3.4/unittest/loader.py\", line 114, in loadTestsFromName\n    parent, obj = obj, getattr(obj, part)\nAttributeError: 'module' object has no attribute 'functions'\n",
    "timestamp": 1576015634780,
    "state": "fail"
   },
   {
    "code": 1,
    "output": "Traceback (most recent call last):\n  File \"/usr/lib/python3.4/runpy.py\", line 170, in _run_module_as_main\n    \"__main__\", mod_spec)\n  File \"/usr/lib/python3.4/runpy.py\", line 85, in _run_code\n    exec(code, run_globals)\n  File \"/usr/lib/python3.4/unittest/__main__.py\", line 18, in <module>\n    main(module=None)\n  File \"/usr/lib/python3.4/unittest/main.py\", line 92, in __init__\n    self.parseArgs(argv)\n  File \"/usr/lib/python3.4/unittest/main.py\", line 139, in parseArgs\n    self.createTests()\n  File \"/usr/lib/python3.4/unittest/main.py\", line 146, in createTests\n    self.module)\n  File \"/usr/lib/python3.4/unittest/loader.py\", line 146, in loadTestsFromNames\n    suites = [self.loadTestsFromName(name, module) for name in names]\n  File \"/usr/lib/python3.4/unittest/loader.py\", line 146, in <listcomp>\n    suites = [self.loadTestsFromName(name, module) for name in names]\n  File \"/usr/lib/python3.4/unittest/loader.py\", line 105, in loadTestsFromName\n    module = __import__('.'.join(parts_copy))\nValueError: Empty module name\n",
    "timestamp": 1576013545406,
    "state": "fail"
   },
   {
    "code": 1,
    "output": "Traceback (most recent call last):\n  File \"/usr/lib/python3.4/runpy.py\", line 170, in _run_module_as_main\n    \"__main__\", mod_spec)\n  File \"/usr/lib/python3.4/runpy.py\", line 85, in _run_code\n    exec(code, run_globals)\n  File \"/usr/lib/python3.4/unittest/__main__.py\", line 18, in <module>\n    main(module=None)\n  File \"/usr/lib/python3.4/unittest/main.py\", line 92, in __init__\n    self.parseArgs(argv)\n  File \"/usr/lib/python3.4/unittest/main.py\", line 139, in parseArgs\n    self.createTests()\n  File \"/usr/lib/python3.4/unittest/main.py\", line 146, in createTests\n    self.module)\n  File \"/usr/lib/python3.4/unittest/loader.py\", line 146, in loadTestsFromNames\n    suites = [self.loadTestsFromName(name, module) for name in names]\n  File \"/usr/lib/python3.4/unittest/loader.py\", line 146, in <listcomp>\n    suites = [self.loadTestsFromName(name, module) for name in names]\n  File \"/usr/lib/python3.4/unittest/loader.py\", line 105, in loadTestsFromName\n    module = __import__('.'.join(parts_copy))\nValueError: Empty module name\n",
    "timestamp": 1576013502896,
    "state": "fail"
   },
   {
    "code": 1,
    "output": "Traceback (most recent call last):\n  File \"/usr/lib/python2.7/runpy.py\", line 162, in _run_module_as_main\n    \"__main__\", fname, loader, pkg_name)\n  File \"/usr/lib/python2.7/runpy.py\", line 72, in _run_code\n    exec code in run_globals\n  File \"/usr/lib/python2.7/unittest/__main__.py\", line 12, in <module>\n    main(module=None)\n  File \"/usr/lib/python2.7/unittest/main.py\", line 94, in __init__\n    self.parseArgs(argv)\n  File \"/usr/lib/python2.7/unittest/main.py\", line 149, in parseArgs\n    self.createTests()\n  File \"/usr/lib/python2.7/unittest/main.py\", line 158, in createTests\n    self.module)\n  File \"/usr/lib/python2.7/unittest/loader.py\", line 130, in loadTestsFromNames\n    suites = [self.loadTestsFromName(name, module) for name in names]\n  File \"/usr/lib/python2.7/unittest/loader.py\", line 91, in loadTestsFromName\n    module = __import__('.'.join(parts_copy))\n  File \"functions-lab-challenge-test.py\", line 2\n    from code/functions/lab_challenge import to_upper\n             ^\nSyntaxError: invalid syntax\n",
    "timestamp": 1576013332325,
    "state": "fail"
   },
   {
    "code": 1,
    "output": "Traceback (most recent call last):\n  File \"/usr/lib/python2.7/runpy.py\", line 162, in _run_module_as_main\n    \"__main__\", fname, loader, pkg_name)\n  File \"/usr/lib/python2.7/runpy.py\", line 72, in _run_code\n    exec code in run_globals\n  File \"/usr/lib/python2.7/unittest/__main__.py\", line 12, in <module>\n    main(module=None)\n  File \"/usr/lib/python2.7/unittest/main.py\", line 94, in __init__\n    self.parseArgs(argv)\n  File \"/usr/lib/python2.7/unittest/main.py\", line 149, in parseArgs\n    self.createTests()\n  File \"/usr/lib/python2.7/unittest/main.py\", line 158, in createTests\n    self.module)\n  File \"/usr/lib/python2.7/unittest/loader.py\", line 130, in loadTestsFromNames\n    suites = [self.loadTestsFromName(name, module) for name in names]\n  File \"/usr/lib/python2.7/unittest/loader.py\", line 91, in loadTestsFromName\n    module = __import__('.'.join(parts_copy))\nValueError: Empty module name\n",
    "timestamp": 1576012922505,
    "state": "fail"
   },
   {
    "code": 1,
    "output": "Traceback (most recent call last):\n  File \"/usr/lib/python2.7/runpy.py\", line 162, in _run_module_as_main\n    \"__main__\", fname, loader, pkg_name)\n  File \"/usr/lib/python2.7/runpy.py\", line 72, in _run_code\n    exec code in run_globals\n  File \"/usr/lib/python2.7/unittest/__main__.py\", line 12, in <module>\n    main(module=None)\n  File \"/usr/lib/python2.7/unittest/main.py\", line 94, in __init__\n    self.parseArgs(argv)\n  File \"/usr/lib/python2.7/unittest/main.py\", line 149, in parseArgs\n    self.createTests()\n  File \"/usr/lib/python2.7/unittest/main.py\", line 158, in createTests\n    self.module)\n  File \"/usr/lib/python2.7/unittest/loader.py\", line 130, in loadTestsFromNames\n    suites = [self.loadTestsFromName(name, module) for name in names]\n  File \"/usr/lib/python2.7/unittest/loader.py\", line 100, in loadTestsFromName\n    parent, obj = obj, getattr(obj, part)\nAttributeError: 'module' object has no attribute 'functions'\n",
    "timestamp": 1576002693362,
    "state": "fail"
   }
  ]
 }
]